<?xml version="1.0" encoding="UTF-8"?>
<!-- Generated by org.testng.reporters.JUnitXMLReporter -->
<testsuite ignored="1" hostname="DESKTOP-UQTV5DO" failures="0" tests="2" name="Test" time="1.851" errors="0" timestamp="2025-06-07T08:31:29 EDT">
  <testcase classname="com.demo.test.LoginTest" name="loginWithValidValue" time="1.76"/>
  <testcase classname="com.demo.test.LogoutTest" name="logout" time="0.062"/>
  <testcase classname="com.demo.test.BaseTest" name="@BeforeSuite initDriver" time="0.0">
    <ignored/>
  </testcase> <!-- @BeforeSuite initDriver -->
</testsuite> <!-- Test -->
