<?xml version="1.0" encoding="UTF-8"?>
<testng-results ignored="0" total="2" passed="2" failed="0" skipped="0">
  <reporter-output>
  </reporter-output>
  <suite started-at="2025-06-02T13:25:24 EDT" name="Suite" finished-at="2025-06-02T13:25:31 EDT" duration-ms="7049">
    <groups>
    </groups>
    <test started-at="2025-06-02T13:25:24 EDT" name="Test" finished-at="2025-06-02T13:25:31 EDT" duration-ms="7049">
      <class name="com.test.Demoqa">
        <test-method signature="login()[pri:0, instance:com.test.Demoqa@4facf68f]" started-at="2025-06-02T13:25:24 EDT" name="login" finished-at="2025-06-02T13:25:29 EDT" duration-ms="4592" status="PASS">
          <reporter-output>
          </reporter-output>
        </test-method> <!-- login -->
        <test-method signature="logout()[pri:0, instance:com.test.Demoqa@4facf68f]" started-at="2025-06-02T13:25:29 EDT" name="logout" finished-at="2025-06-02T13:25:31 EDT" duration-ms="2423" status="PASS">
          <reporter-output>
          </reporter-output>
        </test-method> <!-- logout -->
      </class> <!-- com.test.Demoqa -->
    </test> <!-- Test -->
  </suite> <!-- Suite -->
</testng-results>
