<?xml version="1.0" encoding="UTF-8"?>
<testng-results ignored="0" total="2" passed="2" failed="0" skipped="0">
  <reporter-output>
  </reporter-output>
  <suite started-at="2025-06-07T08:31:28 EDT" name="Suite" finished-at="2025-06-07T08:31:29 EDT" duration-ms="1851">
    <groups>
    </groups>
    <test started-at="2025-06-07T08:31:28 EDT" name="Test" finished-at="2025-06-07T08:31:29 EDT" duration-ms="1851">
      <class name="com.demo.test.LogoutTest">
        <test-method signature="logout()[pri:0, instance:com.demo.test.LogoutTest@3d285d7e]" started-at="2025-06-07T08:31:29 EDT" name="logout" finished-at="2025-06-07T08:31:29 EDT" duration-ms="62" status="PASS">
          <reporter-output>
          </reporter-output>
        </test-method> <!-- logout -->
      </class> <!-- com.demo.test.LogoutTest -->
      <class name="com.demo.test.LoginTest">
        <test-method is-config="true" signature="initDriver()[pri:0, instance:com.demo.test.LoginTest@4d1c00d0]" started-at="2025-06-07T08:31:21 EDT" name="initDriver" finished-at="2025-06-07T08:31:28 EDT" duration-ms="6639" status="PASS">
          <reporter-output>
          </reporter-output>
        </test-method> <!-- initDriver -->
        <test-method signature="loginWithValidValue()[pri:0, instance:com.demo.test.LoginTest@4d1c00d0]" started-at="2025-06-07T08:31:28 EDT" name="loginWithValidValue" finished-at="2025-06-07T08:31:29 EDT" duration-ms="1760" status="PASS">
          <reporter-output>
          </reporter-output>
        </test-method> <!-- loginWithValidValue -->
      </class> <!-- com.demo.test.LoginTest -->
    </test> <!-- Test -->
  </suite> <!-- Suite -->
</testng-results>
